<?xml version="1.0" encoding="UTF-8"?>
<testsuite name="com.example.demo.LoginApplicationTests" tests="1" skipped="0" failures="0" errors="0" timestamp="2025-07-15T21:27:54.505Z" hostname="HIRAMG" time="1.253">
  <properties/>
  <testcase name="contextLoads()" classname="com.example.demo.LoginApplicationTests" time="1.253"/>
  <system-out><![CDATA[17:27:50.908 [Test worker] INFO org.springframework.test.context.support.AnnotationConfigContextLoaderUtils -- Could not detect default configuration classes for test class [com.example.demo.LoginApplicationTests]: LoginApplicationTests does not declare any static, non-private, non-final, nested classes annotated with @Configuration.
17:27:51.184 [Test worker] INFO org.springframework.boot.test.context.SpringBootTestContextBootstrapper -- Found @SpringBootConfiguration com.example.demo.LoginApplication for test class com.example.demo.LoginApplicationTests

  .   ____          _            __ _ _
 /\\ / ___'_ __ _ _(_)_ __  __ _ \ \ \ \
( ( )\___ | '_ | '_| | '_ \/ _` | \ \ \ \
 \\/  ___)| |_)| | | | | || (_| |  ) ) ) )
  '  |____| .__|_| |_|_| |_\__, | / / / /
 =========|_|==============|___/=/_/_/_/

 :: Spring Boot ::                (v3.5.3)

2025-07-15T17:27:52.074-04:00  INFO 22448 --- [Login] [    Test worker] com.example.demo.LoginApplicationTests   : Starting LoginApplicationTests using Java 17.0.12 with PID 22448 (started by hiram in C:\Users\hiram\Projects\SpringBoot_Login)
2025-07-15T17:27:52.076-04:00  INFO 22448 --- [Login] [    Test worker] com.example.demo.LoginApplicationTests   : No active profile set, falling back to 1 default profile: "default"
2025-07-15T17:27:54.478-04:00  INFO 22448 --- [Login] [    Test worker] com.example.demo.LoginApplicationTests   : Started LoginApplicationTests in 2.97 seconds (process running for 5.399)
]]></system-out>
  <system-err><![CDATA[]]></system-err>
</testsuite>
