<?xml version="1.0" encoding="UTF-8"?>
<testsuite name="com.example.demo.LoginApplicationTests" tests="1" skipped="0" failures="0" errors="0" timestamp="2025-07-15T21:05:46.787Z" hostname="DANNY" time="1.128">
  <properties/>
  <testcase name="contextLoads()" classname="com.example.demo.LoginApplicationTests" time="1.128"/>
  <system-out><![CDATA[17:05:44.890 [Test worker] INFO org.springframework.test.context.support.AnnotationConfigContextLoaderUtils -- Could not detect default configuration classes for test class [com.example.demo.LoginApplicationTests]: LoginApplicationTests does not declare any static, non-private, non-final, nested classes annotated with @Configuration.
17:05:45.037 [Test worker] INFO org.springframework.boot.test.context.SpringBootTestContextBootstrapper -- Found @SpringBootConfiguration com.example.demo.LoginApplication for test class com.example.demo.LoginApplicationTests

  .   ____          _            __ _ _
 /\\ / ___'_ __ _ _(_)_ __  __ _ \ \ \ \
( ( )\___ | '_ | '_| | '_ \/ _` | \ \ \ \
 \\/  ___)| |_)| | | | | || (_| |  ) ) ) )
  '  |____| .__|_| |_|_| |_\__, | / / / /
 =========|_|==============|___/=/_/_/_/

 :: Spring Boot ::                (v3.5.3)

2025-07-15T17:05:45.497-04:00  INFO 20308 --- [Login] [    Test worker] com.example.demo.LoginApplicationTests   : Starting LoginApplicationTests using Java 17.0.13 with PID 20308 (started by sanch in C:\Users\sanch\Documents\GitHub_Repos\SpringBoot_Login)
2025-07-15T17:05:45.499-04:00  INFO 20308 --- [Login] [    Test worker] com.example.demo.LoginApplicationTests   : No active profile set, falling back to 1 default profile: "default"
2025-07-15T17:05:46.778-04:00  INFO 20308 --- [Login] [    Test worker] com.example.demo.LoginApplicationTests   : Started LoginApplicationTests in 1.575 seconds (process running for 2.688)
]]></system-out>
  <system-err><![CDATA[]]></system-err>
</testsuite>
